build/app/outputs/mapping/release/seeds.txt
com.example.dersflixapp.MainActivity
com.example.dersflixapp.MainActivity: MainActivity()
...
androidx.window.embedding.MatcherUtils
androidx.window.layout.WindowMetrics
androidx.window.layout.HardwareFoldingFeature
androidx.window.layout.SidecarCompat$TranslatingCallback
androidx.window.layout.FoldingFeature
androidx.savedstate.Recreator
androidx.window.layout.WindowMetricsCalculatorDecorator
androidx.window.core.ExperimentalWindowApi
androidx.window.embedding.SplitRuleParser
androidx.window.embedding.SplitRule
androidx.window.layout.WindowMetricsCalculator$Companion$decorator$1
androidx.window.layout.ExtensionInterfaceCompat$ExtensionCallbackInterface
androidx.window.embedding.ExtensionEmbeddingBackend
androidx.window.layout.ActivityCompatHelperApi30
androidx.core.graphics.drawable.IconCompat
androidx.window.layout.WindowInfoTrackerImpl$Companion
androidx.window.layout.WindowMetricsCalculator
androidx.window.java.R
androidx.window.layout.WindowInfoTrackerDecorator
androidx.window.layout.SidecarAdapter
androidx.window.R
androidx.window.layout.WindowLayoutInfo
androidx.window.embedding.EmbeddingInterfaceCompat
androidx.window.embedding.EmbeddingCompat$Companion
androidx.window.layout.SidecarCompat$registerConfigurationChangeListener$configChangeObserver$1
androidx.window.embedding.EmbeddingRule
androidx.window.embedding.SplitPairFilter
androidx.window.embedding.EmbeddingCompat
androidx.lifecycle.ReflectiveGenericLifecycleObserver
androidx.core.graphics.drawable.IconCompatParcelizer
androidx.activity.ComponentActivity$3
androidx.window.layout.DisplayFeature
io.flutter.embedding.engine.renderer.SurfaceTextureWrapper
androidx.window.layout.DisplayCompatHelperApi28
androidx.window.layout.WindowBackend
androidx.window.layout.WindowInfoTracker
androidx.activity.OnBackPressedDispatcher$LifecycleOnBackPressedCancellable
androidx.window.R$styleable
androidx.window.core.Version
androidx.core.app.RemoteActionCompatParcelizer
io.flutter.embedding.engine.plugins.lifecycle.HiddenLifecycleReference
androidx.window.layout.WindowInfoTracker$Companion
androidx.window.embedding.ActivityRule
androidx.window.embedding.ExtensionEmbeddingBackend$SplitListenerWrapper
androidx.window.layout.ExtensionInterfaceCompat
androidx.window.layout.SidecarCompat$DistinctElementCallback
androidx.window.embedding.EmbeddingTranslatingCallback
androidx.window.layout.FoldingFeature$State
kotlin.internal.jdk8.JDK8PlatformImplementations
kotlin.internal.jdk7.JDK7PlatformImplementations
androidx.window.layout.HardwareFoldingFeature$Type
androidx.window.layout.SidecarCompat
androidx.window.embedding.SplitRule$Api30Impl
androidx.window.layout.ExtensionWindowLayoutInfoBackend
androidx.annotation.Keep
io.flutter.view.FlutterCallbackInformation
androidx.activity.ComponentActivity$2
androidx.window.layout.SidecarWindowBackend
androidx.window.layout.ActivityCompatHelperApi24
androidx.window.embedding.EmbeddingAdapter
androidx.window.embedding.ActivityFilter
androidx.window.layout.SidecarWindowBackend$Companion
androidx.window.layout.DisplayCompatHelperApi17
androidx.window.layout.WindowInfoTrackerImpl
androidx.core.app.RemoteActionCompat
io.flutter.plugin.editing.ImeSyncDeferringInsetsCallback
androidx.savedstate.SavedStateRegistry$1
androidx.window.embedding.ExtensionEmbeddingBackend$Companion
androidx.window.layout.ExtensionsWindowLayoutInfoAdapter
io.flutter.plugin.platform.SingleViewPresentation
kotlinx.coroutines.internal.StackTraceRecoveryKt
androidx.window.embedding.ActivityStack
io.flutter.plugins.GeneratedPluginRegistrant
io.flutter.embedding.engine.FlutterJNI
io.flutter.embedding.engine.FlutterOverlaySurface
androidx.window.embedding.EmbeddingInterfaceCompat$EmbeddingCallbackInterface
androidx.window.layout.EmptyDecorator
androidx.window.embedding.ExtensionEmbeddingBackend$EmbeddingCallbackImpl
androidx.window.layout.HardwareFoldingFeature$Type$Companion
androidx.window.layout.WindowInfoTrackerImpl$windowLayoutInfo$1
androidx.window.R$attr
androidx.window.layout.SidecarAdapter$Companion
androidx.window.layout.SidecarCompat$DistinctSidecarElementCallback