build/app/outputs/mapping/release/mapping.txt
# compiler: R8
# compiler_version: 3.1.66
# min_api: 18
# pg_map_id: b76cb8e
# common_typos_disable
# {"id":"com.android.tools.r8.mapping","version":"1.0"}
...
com.google.crypto.tink.internal.MutableSerializationRegistry -> r.h:
    java.util.concurrent.atomic.AtomicReference registry -> a
    com.google.crypto.tink.internal.MutableSerializationRegistry GLOBAL_INSTANCE -> b
    com.google.crypto.tink.internal.MutableSerializationRegistry globalInstance() -> a
    com.google.crypto.tink.Key parseKey(com.google.crypto.tink.internal.Serialization,com.google.crypto.tink.SecretKeyAccess) -> b
    com.google.crypto.tink.Key parseKeyWithLegacyFallback(com.google.crypto.tink.internal.ProtoKeySerialization,com.google.crypto.tink.SecretKeyAccess) -> c
    void registerKeyParser(com.google.crypto.tink.internal.KeyParser) -> d
    void registerKeySerializer(com.google.crypto.tink.internal.KeySerializer) -> e
    void registerParametersParser(com.google.crypto.tink.internal.ParametersParser) -> f
    void registerParametersSerializer(com.google.crypto.tink.internal.ParametersSerializer) -> g
com.google.crypto.tink.internal.ParametersParser -> r.i:
    com.google.crypto.tink.util.Bytes objectIdentifier -> a
    java.lang.Class serializationClass -> b
    com.google.crypto.tink.internal.ParametersParser create(com.google.crypto.tink.internal.ParametersParser$ParametersParsingFunction,com.google.crypto.tink.util.Bytes,java.lang.Class) -> a
    com.google.crypto.tink.util.Bytes getObjectIdentifier() -> b
    java.lang.Class getSerializationClass() -> c
com.google.crypto.tink.internal.ParametersParser$1 -> r.i$a:
    com.google.crypto.tink.internal.ParametersParser$ParametersParsingFunction val$function -> c
com.google.crypto.tink.internal.ParametersParser$ParametersParsingFunction -> r.i$b:
com.google.crypto.tink.internal.ParametersSerializer -> r.j:
    java.lang.Class serializationClass -> b
    java.lang.Class parametersClass -> a
    com.google.crypto.tink.internal.ParametersSerializer create(com.google.crypto.tink.internal.ParametersSerializer$ParametersSerializationFunction,java.lang.Class,java.lang.Class) -> a
    java.lang.Class getParametersClass() -> b
    java.lang.Class getSerializationClass() -> c
com.google.crypto.tink.internal.ParametersSerializer$1 -> r.j$a:
    com.google.crypto.tink.internal.ParametersSerializer$ParametersSerializationFunction val$function -> c
com.google.crypto.tink.internal.ParametersSerializer$ParametersSerializationFunction -> r.j$b:
com.google.crypto.tink.internal.PrimitiveFactory -> r.k:
    java.lang.Class clazz -> a
    java.lang.Object getPrimitive(com.google.crypto.tink.shaded.protobuf.MessageLite) -> a
    java.lang.Class getPrimitiveClass() -> b
com.google.crypto.tink.internal.ProtoKeySerialization -> r.l:
    com.google.crypto.tink.proto.OutputPrefixType outputPrefixType -> e
    java.lang.Integer idRequirement -> f
    com.google.crypto.tink.shaded.protobuf.ByteString value -> c
    java.lang.String typeUrl -> a
    com.google.crypto.tink.proto.KeyData$KeyMaterialType keyMaterialType -> d
    com.google.crypto.tink.util.Bytes objectIdentifier -> b
    com.google.crypto.tink.util.Bytes getObjectIdentifier() -> a
    com.google.crypto.tink.internal.ProtoKeySerialization create(java.lang.String,com.google.crypto.tink.shaded.protobuf.ByteString,com.google.crypto.tink.proto.KeyData$KeyMaterialType,com.google.crypto.tink.proto.OutputPrefixType,java.lang.Integer) -> b
    java.lang.Integer getIdRequirementOrNull() -> c
    com.google.crypto.tink.proto.KeyData$KeyMaterialType getKeyMaterialType() -> d
    com.google.crypto.tink.proto.OutputPrefixType getOutputPrefixType() -> e
    java.lang.String getTypeUrl() -> f
    com.google.crypto.tink.shaded.protobuf.ByteString getValue() -> g
com.google.crypto.tink.internal.ProtoParametersSerialization -> r.m:
    com.google.crypto.tink.util.Bytes objectIdentifier -> a
    com.google.crypto.tink.util.Bytes getObjectIdentifier() -> a
com.google.crypto.tink.internal.Serialization -> r.n:
    com.google.crypto.tink.util.Bytes getObjectIdentifier() -> a