build/app/outputs/mapping/release/usage.txt
com.example.dersflixapp.BuildConfig
com.example.dersflixapp.R$attr
com.example.dersflixapp.R$color
com.example.dersflixapp.R$dimen
com.example.dersflixapp.R$drawable
com.example.dersflixapp.R$id
com.example.dersflixapp.R$integer
com.example.dersflixapp.R$layout
com.example.dersflixapp.R$mipmap
com.example.dersflixapp.R$string
com.example.dersflixapp.R$style
com.example.dersflixapp.R$styleable
com.example.dersflixapp.R
...
com.google.crypto.tink.prf.AesCmacPrfKeyManager$1
com.google.crypto.tink.prf.AesCmacPrfKeyManager$2
com.google.crypto.tink.prf.AesCmacPrfKeyManager
com.google.crypto.tink.prf.HkdfPrfKeyManager$1
com.google.crypto.tink.prf.HkdfPrfKeyManager$2
com.google.crypto.tink.prf.HkdfPrfKeyManager$3
com.google.crypto.tink.prf.HkdfPrfKeyManager$4
com.google.crypto.tink.prf.HkdfPrfKeyManager
com.google.crypto.tink.prf.HmacPrfKeyManager$1
com.google.crypto.tink.prf.HmacPrfKeyManager$2
com.google.crypto.tink.prf.HmacPrfKeyManager$3
com.google.crypto.tink.prf.HmacPrfKeyManager
com.google.crypto.tink.prf.PrfConfig
com.google.crypto.tink.prf.PrfKeyTemplates
com.google.crypto.tink.prf.PrfSet
com.google.crypto.tink.prf.PrfSetWrapper$1
com.google.crypto.tink.prf.PrfSetWrapper$WrappedPrfSet
com.google.crypto.tink.prf.PrfSetWrapper
com.google.crypto.tink.proto.AesCmac
com.google.crypto.tink.proto.AesCmacKey$Builder:
    public com.google.crypto.tink.proto.AesCmacKey$Builder clearKeyValue()
    public com.google.crypto.tink.proto.AesCmacKey$Builder clearParams()
    public com.google.crypto.tink.proto.AesCmacKey$Builder clearVersion()
    public com.google.crypto.tink.shaded.protobuf.ByteString getKeyValue()
    public com.google.crypto.tink.proto.AesCmacParams getParams()
    public int getVersion()
    public boolean hasParams()
    public com.google.crypto.tink.proto.AesCmacKey$Builder mergeParams(com.google.crypto.tink.proto.AesCmacParams)
    public com.google.crypto.tink.proto.AesCmacKey$Builder setParams(com.google.crypto.tink.proto.AesCmacParams$Builder)
com.google.crypto.tink.proto.AesCmacKey:
    static synthetic void access$200(com.google.crypto.tink.proto.AesCmacKey)
    static synthetic void access$400(com.google.crypto.tink.proto.AesCmacKey)
    static synthetic void access$600(com.google.crypto.tink.proto.AesCmacKey,com.google.crypto.tink.proto.AesCmacParams)
    static synthetic void access$700(com.google.crypto.tink.proto.AesCmacKey)
    private void clearKeyValue()
    private void clearParams()
    private void clearVersion()
    public static com.google.crypto.tink.proto.AesCmacKey getDefaultInstance()
    public boolean hasParams()
    private void mergeParams(com.google.crypto.tink.proto.AesCmacParams)
    public static com.google.crypto.tink.proto.AesCmacKey$Builder newBuilder(com.google.crypto.tink.proto.AesCmacKey)
    public static com.google.crypto.tink.proto.AesCmacKey parseDelimitedFrom(java.io.InputStream)
    public static com.google.crypto.tink.proto.AesCmacKey parseDelimitedFrom(java.io.InputStream,com.google.crypto.tink.shaded.protobuf.ExtensionRegistryLite)
    public static com.google.crypto.tink.proto.AesCmacKey parseFrom(com.google.crypto.tink.shaded.protobuf.ByteString)
    public static com.google.crypto.tink.proto.AesCmacKey parseFrom(com.google.crypto.tink.shaded.protobuf.CodedInputStream)
    public static com.google.crypto.tink.proto.AesCmacKey parseFrom(com.google.crypto.tink.shaded.protobuf.CodedInputStream,com.google.crypto.tink.shaded.protobuf.ExtensionRegistryLite)
com.google.crypto.tink.proto.AesCmacKeyFormat$Builder:
    public com.google.crypto.tink.proto.AesCmacKeyFormat$Builder clearKeySize()
    public com.google.crypto.tink.proto.AesCmacKeyFormat$Builder clearParams()
    public int getKeySize()
    public com.google.crypto.tink.proto.AesCmacParams getParams()
    public boolean hasParams()
    public com.google.crypto.tink.proto.AesCmacKeyFormat$Builder mergeParams(com.google.crypto.tink.proto.AesCmacParams)
    public com.google.crypto.tink.proto.AesCmacKeyFormat$Builder setParams(com.google.crypto.tink.proto.AesCmacParams$Builder)